<?xml version="1.0" encoding="UTF-8"?>
<testng-results ignored="0" total="1" passed="1" failed="0" skipped="0">
  <reporter-output>
  </reporter-output>
  <suite started-at="2024-04-30T16:00:00 IST" name="Default suite" finished-at="2024-04-30T16:00:12 IST" duration-ms="11585">
    <groups>
    </groups>
    <test started-at="2024-04-30T16:00:00 IST" name="Default test" finished-at="2024-04-30T16:00:12 IST" duration-ms="11585">
      <class name="ActualTC.CreateOrganizationTest">
        <test-method is-config="true" signature="bdconig()[pri:0, instance:ActualTC.CreateOrganizationTest@1e1a0406]" started-at="2024-04-30T16:00:00 IST" name="bdconig" finished-at="2024-04-30T16:00:00 IST" duration-ms="8" status="PASS">
          <reporter-output>
          </reporter-output>
        </test-method> <!-- bdconig -->
        <test-method is-config="true" signature="bcconfig()[pri:0, instance:ActualTC.CreateOrganizationTest@1e1a0406]" started-at="2024-04-30T16:00:00 IST" name="bcconfig" finished-at="2024-04-30T16:00:03 IST" duration-ms="2699" status="PASS">
          <reporter-output>
          </reporter-output>
        </test-method> <!-- bcconfig -->
        <test-method is-config="true" signature="bmconfig()[pri:0, instance:ActualTC.CreateOrganizationTest@1e1a0406]" started-at="2024-04-30T16:00:03 IST" name="bmconfig" finished-at="2024-04-30T16:00:05 IST" duration-ms="1979" status="PASS">
          <reporter-output>
          </reporter-output>
        </test-method> <!-- bmconfig -->
        <test-method signature="createorg()[pri:0, instance:ActualTC.CreateOrganizationTest@1e1a0406]" started-at="2024-04-30T16:00:05 IST" name="createorg" finished-at="2024-04-30T16:00:10 IST" duration-ms="5586" status="PASS">
          <reporter-output>
          </reporter-output>
        </test-method> <!-- createorg -->
        <test-method is-config="true" signature="amconfig()[pri:0, instance:ActualTC.CreateOrganizationTest@1e1a0406]" started-at="2024-04-30T16:00:10 IST" name="amconfig" finished-at="2024-04-30T16:00:12 IST" duration-ms="1076" status="PASS">
          <reporter-output>
          </reporter-output>
        </test-method> <!-- amconfig -->
        <test-method is-config="true" signature="tearDown()[pri:0, instance:ActualTC.CreateOrganizationTest@1e1a0406]" started-at="2024-04-30T16:00:12 IST" name="tearDown" finished-at="2024-04-30T16:00:12 IST" duration-ms="204" status="PASS">
          <reporter-output>
          </reporter-output>
        </test-method> <!-- tearDown -->
        <test-method is-config="true" signature="asconig()[pri:0, instance:ActualTC.CreateOrganizationTest@1e1a0406]" started-at="2024-04-30T16:00:12 IST" name="asconig" finished-at="2024-04-30T16:00:12 IST" duration-ms="0" status="PASS">
          <reporter-output>
          </reporter-output>
        </test-method> <!-- asconig -->
      </class> <!-- ActualTC.CreateOrganizationTest -->
    </test> <!-- Default test -->
  </suite> <!-- Default suite -->
</testng-results>
